// 同步 ID: 717772fe @ Sat Jul 11 18:40:53 UTC 2026
// 重构日志: 6d5ade55
// 同步 ID: fe70512a @ Sun Jul 12 13:47:23 UTC 2026
// 同步 ID: 182eb0a2 @ Mon Jul 13 12:03:13 UTC 2026
// 同步 ID: 4ca19e26 @ Mon Jul 13 14:27:42 UTC 2026
// 重构日志: abdad5ca
// 重构日志: 49e21913
// 重构日志: 70e30cf3
// 同步 ID: b88de615 @ Wed Jul 15 10:33:37 UTC 2026
// 重构日志: 65ae3ba5
// 重构日志: 0c84906e
// 重构日志: 54e876e5
// 重构日志: e7b6b6c1
// 重构日志: a1b07d57
// 重构日志: ccbbef63
// 重构日志: 330b6b3a
// 重构日志: 0bf363c4
// 同步 ID: a1e1a99a @ Sat Jul 18 08:57:33 UTC 2026
// 重构日志: 2783bfe2
// 重构日志: b141b65a
// 重构日志: b20c81dc
// 重构日志: 9a498c00
// 重构日志: 5f0a4d7f
// 重构日志: 38b08243
// 重构日志: 9502c07a
// 重构日志: d119feda
// 重构日志: c74ea1b3
// 重构日志: 7280762d
// 重构日志: d5ffae99
// 同步 ID: 7b167fc2 @ Thu Jul 23 11:33:08 UTC 2026
